<?xml version="1.0" encoding="UTF-8"?>
<testng-results skipped="0" failed="0" total="1" passed="1">
  <reporter-output>
  </reporter-output>
  <suite name="Suite" duration-ms="71" started-at="2018-11-12T16:42:44Z" finished-at="2018-11-12T16:42:44Z">
    <groups>
    </groups>
    <test name="Test" duration-ms="71" started-at="2018-11-12T16:42:44Z" finished-at="2018-11-12T16:42:44Z">
      <class name="selenium.gittest.NewTest">
        <test-method status="PASS" signature="f()[pri:0, instance:selenium.gittest.NewTest@1e397ed7]" name="f" duration-ms="24" started-at="2018-11-12T22:12:44Z" finished-at="2018-11-12T22:12:44Z">
          <reporter-output>
          </reporter-output>
        </test-method> <!-- f -->
      </class> <!-- selenium.gittest.NewTest -->
    </test> <!-- Test -->
  </suite> <!-- Suite -->
</testng-results>
